<?xml version="1.0" encoding="UTF-8"?>
<testsuites>
  <testsuite name="C:\FullStack Apps\pollstack\phpunit-sqlite.xml" tests="82" assertions="354" errors="1" failures="1" skipped="0" time="3.395944">
    <testsuite name="Feature" tests="82" assertions="354" errors="1" failures="1" skipped="0" time="3.395944">
      <testsuite name="Tests\Feature\Auth\AuthenticationTest" file="Authentication (Tests\Feature\Auth\Authentication)" tests="6" assertions="13" errors="0" failures="0" skipped="0" time="0.393551">
        <testcase name="Login screen can be rendered" file="Authentication (Tests\Feature\Auth\Authentication)::Login screen can be rendered" class="Tests\Feature\Auth\AuthenticationTest" classname="Tests.Feature.Auth.AuthenticationTest" assertions="1" time="0.281533"/>
        <testcase name="Users can authenticate using the login screen" file="Authentication (Tests\Feature\Auth\Authentication)::Users can authenticate using the login screen" class="Tests\Feature\Auth\AuthenticationTest" classname="Tests.Feature.Auth.AuthenticationTest" assertions="3" time="0.044389"/>
        <testcase name="Users with two factor enabled are redirected to two factor challenge" file="Authentication (Tests\Feature\Auth\Authentication)::Users with two factor enabled are redirected to two factor challenge" class="Tests\Feature\Auth\AuthenticationTest" classname="Tests.Feature.Auth.AuthenticationTest" assertions="4" time="0.016915"/>
        <testcase name="Users can not authenticate with invalid password" file="Authentication (Tests\Feature\Auth\Authentication)::Users can not authenticate with invalid password" class="Tests\Feature\Auth\AuthenticationTest" classname="Tests.Feature.Auth.AuthenticationTest" assertions="1" time="0.017573"/>
        <testcase name="Users can logout" file="Authentication (Tests\Feature\Auth\Authentication)::Users can logout" class="Tests\Feature\Auth\AuthenticationTest" classname="Tests.Feature.Auth.AuthenticationTest" assertions="3" time="0.017743"/>
        <testcase name="Users are rate limited" file="Authentication (Tests\Feature\Auth\Authentication)::Users are rate limited" class="Tests\Feature\Auth\AuthenticationTest" classname="Tests.Feature.Auth.AuthenticationTest" assertions="1" time="0.015398"/>
      </testsuite>
      <testsuite name="Tests\Feature\Auth\EmailVerificationTest" file="Email Verification (Tests\Feature\Auth\EmailVerification)" tests="6" assertions="13" errors="0" failures="0" skipped="0" time="0.101413">
        <testcase name="Email verification screen can be rendered" file="Email Verification (Tests\Feature\Auth\EmailVerification)::Email verification screen can be rendered" class="Tests\Feature\Auth\EmailVerificationTest" classname="Tests.Feature.Auth.EmailVerificationTest" assertions="1" time="0.020754"/>
        <testcase name="Email can be verified" file="Email Verification (Tests\Feature\Auth\EmailVerification)::Email can be verified" class="Tests\Feature\Auth\EmailVerificationTest" classname="Tests.Feature.Auth.EmailVerificationTest" assertions="4" time="0.018621"/>
        <testcase name="Email is not verified with invalid hash" file="Email Verification (Tests\Feature\Auth\EmailVerification)::Email is not verified with invalid hash" class="Tests\Feature\Auth\EmailVerificationTest" classname="Tests.Feature.Auth.EmailVerificationTest" assertions="1" time="0.016095"/>
        <testcase name="Email is not verified with invalid user id" file="Email Verification (Tests\Feature\Auth\EmailVerification)::Email is not verified with invalid user id" class="Tests\Feature\Auth\EmailVerificationTest" classname="Tests.Feature.Auth.EmailVerificationTest" assertions="1" time="0.015734"/>
        <testcase name="Verified user is redirected to dashboard from verification prompt" file="Email Verification (Tests\Feature\Auth\EmailVerification)::Verified user is redirected to dashboard from verification prompt" class="Tests\Feature\Auth\EmailVerificationTest" classname="Tests.Feature.Auth.EmailVerificationTest" assertions="2" time="0.014873"/>
        <testcase name="Already verified user visiting verification link is redirected without firing event again" file="Email Verification (Tests\Feature\Auth\EmailVerification)::Already verified user visiting verification link is redirected without firing event again" class="Tests\Feature\Auth\EmailVerificationTest" classname="Tests.Feature.Auth.EmailVerificationTest" assertions="4" time="0.015336"/>
      </testsuite>
      <testsuite name="Tests\Feature\Auth\PasswordConfirmationTest" file="Password Confirmation (Tests\Feature\Auth\PasswordConfirmation)" tests="2" assertions="3" errors="0" failures="1" skipped="0" time="0.825377">
        <testcase name="Confirm password screen can be rendered" file="Password Confirmation (Tests\Feature\Auth\PasswordConfirmation)::Confirm password screen can be rendered" class="Tests\Feature\Auth\PasswordConfirmationTest" classname="Tests.Feature.Auth.PasswordConfirmationTest" assertions="1" time="0.810738">
          <failure type="PHPUnit\Framework\ExpectationFailedException">Confirm password screen can be renderedExpected response status code [200] but received 500.
Failed asserting that 500 is identical to 200.&#13;
&#13;
The following exception occurred during the last request:

Illuminate\Contracts\Container\BindingResolutionException: Target [Laravel\Fortify\Contracts\ConfirmPasswordViewResponse] is not instantiable. in C:\FullStack Apps\pollstack\vendor\laravel\framework\src\Illuminate\Container\Container.php:1427
Stack trace:
#0 C:\FullStack Apps\pollstack\vendor\laravel\framework\src\Illuminate\Container\Container.php(1141): Illuminate\Container\Container-&gt;notInstantiable()
#1 C:\FullStack Apps\pollstack\vendor\laravel\framework\src\Illuminate\Container\Container.php(943): Illuminate\Container\Container-&gt;build()
#2 C:\FullStack Apps\pollstack\vendor\laravel\framework\src\Illuminate\Foundation\Application.php(1078): Illuminate\Container\Container-&gt;resolve()
#3 C:\FullStack Apps\pollstack\vendor\laravel\framework\src\Illuminate\Container\Container.php(874): Illuminate\Foundation\Application-&gt;resolve()
#4 C:\FullStack Apps\pollstack\vendor\laravel\framework\src\Illuminate\Foundation\Application.php(1058): Illuminate\Container\Container-&gt;make()
#5 C:\FullStack Apps\pollstack\vendor\laravel\framework\src\Illuminate\Foundation\helpers.php(138): Illuminate\Foundation\Application-&gt;make()
#6 C:\FullStack Apps\pollstack\vendor\laravel\fortify\src\Http\Controllers\ConfirmablePasswordController.php(42): app()
#7 C:\FullStack Apps\pollstack\vendor\laravel\framework\src\Illuminate\Routing\Controller.php(54): Laravel\Fortify\Http\Controllers\ConfirmablePasswordController-&gt;show()
#8 C:\FullStack Apps\pollstack\vendor\laravel\framework\src\Illuminate\Routing\ControllerDispatcher.php(43): Illuminate\Routing\Controller-&gt;callAction()
#9 C:\FullStack Apps\pollstack\vendor\laravel\framework\src\Illuminate\Routing\Route.php(265): Illuminate\Routing\ControllerDispatcher-&gt;dispatch()
#10 C:\FullStack Apps\pollstack\vendor\laravel\framework\src\Illuminate\Routing\Route.php(211): Illuminate\Routing\Route-&gt;runController()
#11 C:\FullStack Apps\pollstack\vendor\laravel\framework\src\Illuminate\Routing\Router.php(822): Illuminate\Routing\Route-&gt;run()
#12 C:\FullStack Apps\pollstack\vendor\laravel\framework\src\Illuminate\Pipeline\Pipeline.php(180): Illuminate\Routing\Router-&gt;{closure:Illuminate\Routing\Router::runRouteWithinStack():821}()
#13 C:\FullStack Apps\pollstack\vendor\laravel\framework\src\Illuminate\Http\Middleware\AddLinkHeadersForPreloadedAssets.php(32): Illuminate\Pipeline\Pipeline-&gt;{closure:Illuminate\Pipeline\Pipeline::prepareDestination():178}()
#14 C:\FullStack Apps\pollstack\vendor\laravel\framework\src\Illuminate\Pipeline\Pipeline.php(219): Illuminate\Http\Middleware\AddLinkHeadersForPreloadedAssets-&gt;handle()
#15 C:\FullStack Apps\pollstack\vendor\inertiajs\inertia-laravel\src\Middleware.php(103): Illuminate\Pipeline\Pipeline-&gt;{closure:{closure:Illuminate\Pipeline\Pipeline::carry():194}:195}()
#16 C:\FullStack Apps\pollstack\vendor\laravel\framework\src\Illuminate\Pipeline\Pipeline.php(219): Inertia\Middleware-&gt;handle()
#17 C:\FullStack Apps\pollstack\app\Http\Middleware\HandleAppearance.php(21): Illuminate\Pipeline\Pipeline-&gt;{closure:{closure:Illuminate\Pipeline\Pipeline::carry():194}:195}()
#18 C:\FullStack Apps\pollstack\vendor\laravel\framework\src\Illuminate\Pipeline\Pipeline.php(219): App\Http\Middleware\HandleAppearance-&gt;handle()
#19 C:\FullStack Apps\pollstack\vendor\laravel\framework\src\Illuminate\Routing\Middleware\SubstituteBindings.php(50): Illuminate\Pipeline\Pipeline-&gt;{closure:{closure:Illuminate\Pipeline\Pipeline::carry():194}:195}()
#20 C:\FullStack Apps\pollstack\vendor\laravel\framework\src\Illuminate\Pipeline\Pipeline.php(219): Illuminate\Routing\Middleware\SubstituteBindings-&gt;handle()
#21 C:\FullStack Apps\pollstack\vendor\laravel\framework\src\Illuminate\Auth\Middleware\Authenticate.php(63): Illuminate\Pipeline\Pipeline-&gt;{closure:{closure:Illuminate\Pipeline\Pipeline::carry():194}:195}()
#22 C:\FullStack Apps\pollstack\vendor\laravel\framework\src\Illuminate\Pipeline\Pipeline.php(219): Illuminate\Auth\Middleware\Authenticate-&gt;handle()
#23 C:\FullStack Apps\pollstack\vendor\laravel\framework\src\Illuminate\Foundation\Http\Middleware\VerifyCsrfToken.php(87): Illuminate\Pipeline\Pipeline-&gt;{closure:{closure:Illuminate\Pipeline\Pipeline::carry():194}:195}()
#24 C:\FullStack Apps\pollstack\vendor\laravel\framework\src\Illuminate\Pipeline\Pipeline.php(219): Illuminate\Foundation\Http\Middleware\VerifyCsrfToken-&gt;handle()
#25 C:\FullStack Apps\pollstack\vendor\laravel\framework\src\Illuminate\View\Middleware\ShareErrorsFromSession.php(48): Illuminate\Pipeline\Pipeline-&gt;{closure:{closure:Illuminate\Pipeline\Pipeline::carry():194}:195}()
#26 C:\FullStack Apps\pollstack\vendor\laravel\framework\src\Illuminate\Pipeline\Pipeline.php(219): Illuminate\View\Middleware\ShareErrorsFromSession-&gt;handle()
#27 C:\FullStack Apps\pollstack\vendor\laravel\framework\src\Illuminate\Session\Middleware\StartSession.php(120): Illuminate\Pipeline\Pipeline-&gt;{closure:{closure:Illuminate\Pipeline\Pipeline::carry():194}:195}()
#28 C:\FullStack Apps\pollstack\vendor\laravel\framework\src\Illuminate\Session\Middleware\StartSession.php(63): Illuminate\Session\Middleware\StartSession-&gt;handleStatefulRequest()
#29 C:\FullStack Apps\pollstack\vendor\laravel\framework\src\Illuminate\Pipeline\Pipeline.php(219): Illuminate\Session\Middleware\StartSession-&gt;handle()
#30 C:\FullStack Apps\pollstack\vendor\laravel\framework\src\Illuminate\Cookie\Middleware\AddQueuedCookiesToResponse.php(36): Illuminate\Pipeline\Pipeline-&gt;{closure:{closure:Illuminate\Pipeline\Pipeline::carry():194}:195}()
#31 C:\FullStack Apps\pollstack\vendor\laravel\framework\src\Illuminate\Pipeline\Pipeline.php(219): Illuminate\Cookie\Middleware\AddQueuedCookiesToResponse-&gt;handle()
#32 C:\FullStack Apps\pollstack\vendor\laravel\framework\src\Illuminate\Cookie\Middleware\EncryptCookies.php(74): Illuminate\Pipeline\Pipeline-&gt;{closure:{closure:Illuminate\Pipeline\Pipeline::carry():194}:195}()
#33 C:\FullStack Apps\pollstack\vendor\laravel\framework\src\Illuminate\Pipeline\Pipeline.php(219): Illuminate\Cookie\Middleware\EncryptCookies-&gt;handle()
#34 C:\FullStack Apps\pollstack\vendor\laravel\framework\src\Illuminate\Pipeline\Pipeline.php(137): Illuminate\Pipeline\Pipeline-&gt;{closure:{closure:Illuminate\Pipeline\Pipeline::carry():194}:195}()
#35 C:\FullStack Apps\pollstack\vendor\laravel\framework\src\Illuminate\Routing\Router.php(821): Illuminate\Pipeline\Pipeline-&gt;then()
#36 C:\FullStack Apps\pollstack\vendor\laravel\framework\src\Illuminate\Routing\Router.php(800): Illuminate\Routing\Router-&gt;runRouteWithinStack()
#37 C:\FullStack Apps\pollstack\vendor\laravel\framework\src\Illuminate\Routing\Router.php(764): Illuminate\Routing\Router-&gt;runRoute()
#38 C:\FullStack Apps\pollstack\vendor\laravel\framework\src\Illuminate\Routing\Router.php(753): Illuminate\Routing\Router-&gt;dispatchToRoute()
#39 C:\FullStack Apps\pollstack\vendor\laravel\framework\src\Illuminate\Foundation\Http\Kernel.php(200): Illuminate\Routing\Router-&gt;dispatch()
#40 C:\FullStack Apps\pollstack\vendor\laravel\framework\src\Illuminate\Pipeline\Pipeline.php(180): Illuminate\Foundation\Http\Kernel-&gt;{closure:Illuminate\Foundation\Http\Kernel::dispatchToRouter():197}()
#41 C:\FullStack Apps\pollstack\vendor\laravel\framework\src\Illuminate\Foundation\Http\Middleware\TransformsRequest.php(21): Illuminate\Pipeline\Pipeline-&gt;{closure:Illuminate\Pipeline\Pipeline::prepareDestination():178}()
#42 C:\FullStack Apps\pollstack\vendor\laravel\framework\src\Illuminate\Foundation\Http\Middleware\ConvertEmptyStringsToNull.php(31): Illuminate\Foundation\Http\Middleware\TransformsRequest-&gt;handle()
#43 C:\FullStack Apps\pollstack\vendor\laravel\framework\src\Illuminate\Pipeline\Pipeline.php(219): Illuminate\Foundation\Http\Middleware\ConvertEmptyStringsToNull-&gt;handle()
#44 C:\FullStack Apps\pollstack\vendor\laravel\framework\src\Illuminate\Foundation\Http\Middleware\TransformsRequest.php(21): Illuminate\Pipeline\Pipeline-&gt;{closure:{closure:Illuminate\Pipeline\Pipeline::carry():194}:195}()
#45 C:\FullStack Apps\pollstack\vendor\laravel\framework\src\Illuminate\Foundation\Http\Middleware\TrimStrings.php(51): Illuminate\Foundation\Http\Middleware\TransformsRequest-&gt;handle()
#46 C:\FullStack Apps\pollstack\vendor\laravel\framework\src\Illuminate\Pipeline\Pipeline.php(219): Illuminate\Foundation\Http\Middleware\TrimStrings-&gt;handle()
#47 C:\FullStack Apps\pollstack\vendor\laravel\framework\src\Illuminate\Http\Middleware\ValidatePostSize.php(27): Illuminate\Pipeline\Pipeline-&gt;{closure:{closure:Illuminate\Pipeline\Pipeline::carry():194}:195}()
#48 C:\FullStack Apps\pollstack\vendor\laravel\framework\src\Illuminate\Pipeline\Pipeline.php(219): Illuminate\Http\Middleware\ValidatePostSize-&gt;handle()
#49 C:\FullStack Apps\pollstack\vendor\laravel\framework\src\Illuminate\Foundation\Http\Middleware\PreventRequestsDuringMaintenance.php(109): Illuminate\Pipeline\Pipeline-&gt;{closure:{closure:Illuminate\Pipeline\Pipeline::carry():194}:195}()
#50 C:\FullStack Apps\pollstack\vendor\laravel\framework\src\Illuminate\Pipeline\Pipeline.php(219): Illuminate\Foundation\Http\Middleware\PreventRequestsDuringMaintenance-&gt;handle()
#51 C:\FullStack Apps\pollstack\vendor\laravel\framework\src\Illuminate\Http\Middleware\HandleCors.php(48): Illuminate\Pipeline\Pipeline-&gt;{closure:{closure:Illuminate\Pipeline\Pipeline::carry():194}:195}()
#52 C:\FullStack Apps\pollstack\vendor\laravel\framework\src\Illuminate\Pipeline\Pipeline.php(219): Illuminate\Http\Middleware\HandleCors-&gt;handle()
#53 C:\FullStack Apps\pollstack\vendor\laravel\framework\src\Illuminate\Http\Middleware\TrustProxies.php(58): Illuminate\Pipeline\Pipeline-&gt;{closure:{closure:Illuminate\Pipeline\Pipeline::carry():194}:195}()
#54 C:\FullStack Apps\pollstack\vendor\laravel\framework\src\Illuminate\Pipeline\Pipeline.php(219): Illuminate\Http\Middleware\TrustProxies-&gt;handle()
#55 C:\FullStack Apps\pollstack\vendor\laravel\framework\src\Illuminate\Foundation\Http\Middleware\InvokeDeferredCallbacks.php(22): Illuminate\Pipeline\Pipeline-&gt;{closure:{closure:Illuminate\Pipeline\Pipeline::carry():194}:195}()
#56 C:\FullStack Apps\pollstack\vendor\laravel\framework\src\Illuminate\Pipeline\Pipeline.php(219): Illuminate\Foundation\Http\Middleware\InvokeDeferredCallbacks-&gt;handle()
#57 C:\FullStack Apps\pollstack\vendor\laravel\framework\src\Illuminate\Http\Middleware\ValidatePathEncoding.php(26): Illuminate\Pipeline\Pipeline-&gt;{closure:{closure:Illuminate\Pipeline\Pipeline::carry():194}:195}()
#58 C:\FullStack Apps\pollstack\vendor\laravel\framework\src\Illuminate\Pipeline\Pipeline.php(219): Illuminate\Http\Middleware\ValidatePathEncoding-&gt;handle()
#59 C:\FullStack Apps\pollstack\vendor\laravel\framework\src\Illuminate\Pipeline\Pipeline.php(137): Illuminate\Pipeline\Pipeline-&gt;{closure:{closure:Illuminate\Pipeline\Pipeline::carry():194}:195}()
#60 C:\FullStack Apps\pollstack\vendor\laravel\framework\src\Illuminate\Foundation\Http\Kernel.php(175): Illuminate\Pipeline\Pipeline-&gt;then()
#61 C:\FullStack Apps\pollstack\vendor\laravel\framework\src\Illuminate\Foundation\Http\Kernel.php(144): Illuminate\Foundation\Http\Kernel-&gt;sendRequestThroughRouter()
#62 C:\FullStack Apps\pollstack\vendor\laravel\framework\src\Illuminate\Foundation\Testing\Concerns\MakesHttpRequests.php(607): Illuminate\Foundation\Http\Kernel-&gt;handle()
#63 C:\FullStack Apps\pollstack\vendor\laravel\framework\src\Illuminate\Foundation\Testing\Concerns\MakesHttpRequests.php(368): Illuminate\Foundation\Testing\TestCase-&gt;call()
#64 C:\FullStack Apps\pollstack\tests\Feature\Auth\PasswordConfirmationTest.php(18): Illuminate\Foundation\Testing\TestCase-&gt;get()
#65 C:\FullStack Apps\pollstack\vendor\phpunit\phpunit\src\Framework\TestCase.php(1317): Tests\Feature\Auth\PasswordConfirmationTest-&gt;test_confirm_password_screen_can_be_rendered()
#66 C:\FullStack Apps\pollstack\vendor\phpunit\phpunit\src\Framework\TestCase.php(517): PHPUnit\Framework\TestCase-&gt;runTest()
#67 C:\FullStack Apps\pollstack\vendor\phpunit\phpunit\src\Framework\TestRunner\TestRunner.php(99): PHPUnit\Framework\TestCase-&gt;runBare()
#68 C:\FullStack Apps\pollstack\vendor\phpunit\phpunit\src\Framework\TestCase.php(357): PHPUnit\Framework\TestRunner-&gt;run()
#69 C:\FullStack Apps\pollstack\vendor\phpunit\phpunit\src\Framework\TestSuite.php(374): PHPUnit\Framework\TestCase-&gt;run()
#70 C:\FullStack Apps\pollstack\vendor\phpunit\phpunit\src\Framework\TestSuite.php(374): PHPUnit\Framework\TestSuite-&gt;run()
#71 C:\FullStack Apps\pollstack\vendor\phpunit\phpunit\src\Framework\TestSuite.php(374): PHPUnit\Framework\TestSuite-&gt;run()
#72 C:\FullStack Apps\pollstack\vendor\phpunit\phpunit\src\TextUI\TestRunner.php(64): PHPUnit\Framework\TestSuite-&gt;run()
#73 C:\FullStack Apps\pollstack\vendor\phpunit\phpunit\src\TextUI\Application.php(229): PHPUnit\TextUI\TestRunner-&gt;run()
#74 C:\FullStack Apps\pollstack\vendor\pestphp\pest\src\Kernel.php(103): PHPUnit\TextUI\Application-&gt;run()
#75 C:\FullStack Apps\pollstack\vendor\pestphp\pest\bin\pest(184): Pest\Kernel-&gt;handle()
#76 C:\FullStack Apps\pollstack\vendor\pestphp\pest\bin\pest(192): {closure:C:\FullStack Apps\pollstack\vendor\pestphp\pest\bin\pest:18}()
#77 {main}

----------------------------------------------------------------------------------

Target [Laravel\Fortify\Contracts\ConfirmPasswordViewResponse] is not instantiable.&#13;
&#13;
at vendor\laravel\framework\src\Illuminate\Testing\TestResponseAssert.php:45
at vendor\laravel\framework\src\Illuminate\Testing\TestResponse.php:174
at tests\Feature\Auth\PasswordConfirmationTest.php:20</failure>
        </testcase>
        <testcase name="Password confirmation requires authentication" file="Password Confirmation (Tests\Feature\Auth\PasswordConfirmation)::Password confirmation requires authentication" class="Tests\Feature\Auth\PasswordConfirmationTest" classname="Tests.Feature.Auth.PasswordConfirmationTest" assertions="2" time="0.014639"/>
      </testsuite>
      <testsuite name="Tests\Feature\Auth\PasswordResetTest" file="Password Reset (Tests\Feature\Auth\PasswordReset)" tests="5" assertions="10" errors="0" failures="0" skipped="0" time="0.930878">
        <testcase name="Reset password link screen can be rendered" file="Password Reset (Tests\Feature\Auth\PasswordReset)::Reset password link screen can be rendered" class="Tests\Feature\Auth\PasswordResetTest" classname="Tests.Feature.Auth.PasswordResetTest" assertions="1" time="0.015763"/>
        <testcase name="Reset password link can be requested" file="Password Reset (Tests\Feature\Auth\PasswordReset)::Reset password link can be requested" class="Tests\Feature\Auth\PasswordResetTest" classname="Tests.Feature.Auth.PasswordResetTest" assertions="1" time="0.232373"/>
        <testcase name="Reset password screen can be rendered" file="Password Reset (Tests\Feature\Auth\PasswordReset)::Reset password screen can be rendered" class="Tests\Feature\Auth\PasswordResetTest" classname="Tests.Feature.Auth.PasswordResetTest" assertions="2" time="0.219782"/>
        <testcase name="Password can be reset with valid token" file="Password Reset (Tests\Feature\Auth\PasswordReset)::Password can be reset with valid token" class="Tests\Feature\Auth\PasswordResetTest" classname="Tests.Feature.Auth.PasswordResetTest" assertions="4" time="0.236323"/>
        <testcase name="Password cannot be reset with invalid token" file="Password Reset (Tests\Feature\Auth\PasswordReset)::Password cannot be reset with invalid token" class="Tests\Feature\Auth\PasswordResetTest" classname="Tests.Feature.Auth.PasswordResetTest" assertions="2" time="0.226637"/>
      </testsuite>
      <testsuite name="Tests\Feature\Auth\RegistrationTest" file="Registration (Tests\Feature\Auth\Registration)" tests="2" assertions="4" errors="0" failures="0" skipped="0" time="0.081335">
        <testcase name="Registration screen can be rendered" file="Registration (Tests\Feature\Auth\Registration)::Registration screen can be rendered" class="Tests\Feature\Auth\RegistrationTest" classname="Tests.Feature.Auth.RegistrationTest" assertions="1" time="0.017486"/>
        <testcase name="New users can register" file="Registration (Tests\Feature\Auth\Registration)::New users can register" class="Tests\Feature\Auth\RegistrationTest" classname="Tests.Feature.Auth.RegistrationTest" assertions="3" time="0.063849"/>
      </testsuite>
      <testsuite name="Tests\Feature\Auth\TwoFactorChallengeTest" file="Two Factor Challenge (Tests\Feature\Auth\TwoFactorChallenge)" tests="2" assertions="12" errors="0" failures="0" skipped="0" time="0.034525">
        <testcase name="Two factor challenge redirects to login when not authenticated" file="Two Factor Challenge (Tests\Feature\Auth\TwoFactorChallenge)::Two factor challenge redirects to login when not authenticated" class="Tests\Feature\Auth\TwoFactorChallengeTest" classname="Tests.Feature.Auth.TwoFactorChallengeTest" assertions="2" time="0.014840"/>
        <testcase name="Two factor challenge can be rendered" file="Two Factor Challenge (Tests\Feature\Auth\TwoFactorChallenge)::Two factor challenge can be rendered" class="Tests\Feature\Auth\TwoFactorChallengeTest" classname="Tests.Feature.Auth.TwoFactorChallengeTest" assertions="10" time="0.019686"/>
      </testsuite>
      <testsuite name="Tests\Feature\Auth\VerificationNotificationTest" file="Verification Notification (Tests\Feature\Auth\VerificationNotification)" tests="2" assertions="6" errors="0" failures="0" skipped="0" time="0.030406">
        <testcase name="Sends verification notification" file="Verification Notification (Tests\Feature\Auth\VerificationNotification)::Sends verification notification" class="Tests\Feature\Auth\VerificationNotificationTest" classname="Tests.Feature.Auth.VerificationNotificationTest" assertions="3" time="0.015932"/>
        <testcase name="Does not send verification notification if email is verified" file="Verification Notification (Tests\Feature\Auth\VerificationNotification)::Does not send verification notification if email is verified" class="Tests\Feature\Auth\VerificationNotificationTest" classname="Tests.Feature.Auth.VerificationNotificationTest" assertions="3" time="0.014474"/>
      </testsuite>
      <testsuite name="Tests\Feature\BulkInvitationProgressTest" file="tests\Feature\BulkInvitationProgressTest.php" tests="1" assertions="0" errors="1" failures="0" skipped="0" time="0.017074">
        <testcase name="it tracks successful and failed invitations separately in bulk progress" file="tests\Feature\BulkInvitationProgressTest.php::it tracks successful and failed invitations separately in bulk progress" class="Tests\Feature\BulkInvitationProgressTest" classname="Tests.Feature.BulkInvitationProgressTest" assertions="0" time="0.017074">
          <error type="Illuminate\Database\QueryException">it tracks successful and failed invitations separately in bulk progressIlluminate\Database\QueryException: SQLSTATE[23000]: Integrity constraint violation: 19 FOREIGN KEY constraint failed (Connection: sqlite, SQL: insert into "user_invitations" ("email", "token", "invited_by", "role", "permission_group_ids", "organization_id", "accepted_at", "expires_at", "updated_at", "created_at") values (dell.gleichner@example.com, c3pRQl4KZaHx3InXjS62CTzu7CE7Jq3zlYFJDnsMTSh2BTvuHp3bfG6x69rkSF9g, 1, user, [], 1, ?, 2026-01-11 17:51:09, 2026-01-04 17:51:09, 2026-01-04 17:51:09))&#13;
at vendor\laravel\framework\src\Illuminate\Database\Connection.php:570
at vendor\laravel\framework\src\Illuminate\Database\Connection.php:813
at vendor\laravel\framework\src\Illuminate\Database\Connection.php:780
at vendor\laravel\framework\src\Illuminate\Database\Connection.php:559
at vendor\laravel\framework\src\Illuminate\Database\Connection.php:523
at vendor\laravel\framework\src\Illuminate\Database\Query\Processors\Processor.php:32
at vendor\laravel\framework\src\Illuminate\Database\Query\Builder.php:3853
at vendor\laravel\framework\src\Illuminate\Database\Eloquent\Builder.php:2235
at vendor\laravel\framework\src\Illuminate\Database\Eloquent\Model.php:1436
at vendor\laravel\framework\src\Illuminate\Database\Eloquent\Model.php:1401
at vendor\laravel\framework\src\Illuminate\Database\Eloquent\Model.php:1240
at vendor\laravel\framework\src\Illuminate\Database\Eloquent\Factories\Factory.php:370
at vendor\laravel\framework\src\Illuminate\Collections\Traits\EnumeratesValues.php:271
at vendor\laravel\framework\src\Illuminate\Database\Eloquent\Factories\Factory.php:365
at vendor\laravel\framework\src\Illuminate\Database\Eloquent\Factories\Factory.php:321
at vendor\laravel\framework\src\Illuminate\Database\Eloquent\Factories\Factory.php:315
at tests\Feature\BulkInvitationProgressTest.php:30
Caused by
PDOException: SQLSTATE[23000]: Integrity constraint violation: 19 FOREIGN KEY constraint failed

at vendor\laravel\framework\src\Illuminate\Database\Connection.php:570
at vendor\laravel\framework\src\Illuminate\Database\Connection.php:813
at vendor\laravel\framework\src\Illuminate\Database\Connection.php:780
at vendor\laravel\framework\src\Illuminate\Database\Connection.php:559
at vendor\laravel\framework\src\Illuminate\Database\Connection.php:523
at vendor\laravel\framework\src\Illuminate\Database\Query\Processors\Processor.php:32
at vendor\laravel\framework\src\Illuminate\Database\Query\Builder.php:3853
at vendor\laravel\framework\src\Illuminate\Database\Eloquent\Builder.php:2235
at vendor\laravel\framework\src\Illuminate\Database\Eloquent\Model.php:1436
at vendor\laravel\framework\src\Illuminate\Database\Eloquent\Model.php:1401
at vendor\laravel\framework\src\Illuminate\Database\Eloquent\Model.php:1240
at vendor\laravel\framework\src\Illuminate\Database\Eloquent\Factories\Factory.php:370
at vendor\laravel\framework\src\Illuminate\Collections\Traits\EnumeratesValues.php:271
at vendor\laravel\framework\src\Illuminate\Database\Eloquent\Factories\Factory.php:365
at vendor\laravel\framework\src\Illuminate\Database\Eloquent\Factories\Factory.php:321
at vendor\laravel\framework\src\Illuminate\Database\Eloquent\Factories\Factory.php:315
at tests\Feature\BulkInvitationProgressTest.php:30</error>
        </testcase>
      </testsuite>
      <testsuite name="Tests\Feature\DashboardTest" file="Dashboard (Tests\Feature\Dashboard)" tests="2" assertions="12" errors="0" failures="0" skipped="0" time="0.030577">
        <testcase name="Guests are redirected to the login page" file="Dashboard (Tests\Feature\Dashboard)::Guests are redirected to the login page" class="Tests\Feature\DashboardTest" classname="Tests.Feature.DashboardTest" assertions="2" time="0.014153"/>
        <testcase name="Authenticated users can visit the dashboard" file="Dashboard (Tests\Feature\Dashboard)::Authenticated users can visit the dashboard" class="Tests\Feature\DashboardTest" classname="Tests.Feature.DashboardTest" assertions="10" time="0.016424"/>
      </testsuite>
      <testsuite name="Tests\Feature\Feature\Admin\PollManagementTest" file="tests\Feature\Feature\Admin\PollManagementTest.php" tests="9" assertions="37" errors="0" failures="0" skipped="0" time="0.171962">
        <testcase name="organization admin can create poll for their organization" file="tests\Feature\Feature\Admin\PollManagementTest.php::organization admin can create poll for their organization" class="Tests\Feature\Feature\Admin\PollManagementTest" classname="Tests.Feature.Feature.Admin.PollManagementTest" assertions="2" time="0.022208"/>
        <testcase name="poll created by organization admin is automatically scoped to organization" file="tests\Feature\Feature\Admin\PollManagementTest.php::poll created by organization admin is automatically scoped to organization" class="Tests\Feature\Feature\Admin\PollManagementTest" classname="Tests.Feature.Feature.Admin.PollManagementTest" assertions="2" time="0.018730"/>
        <testcase name="organization admin can update polls in their organization" file="tests\Feature\Feature\Admin\PollManagementTest.php::organization admin can update polls in their organization" class="Tests\Feature\Feature\Admin\PollManagementTest" classname="Tests.Feature.Feature.Admin.PollManagementTest" assertions="2" time="0.020907"/>
        <testcase name="organization admin cannot update polls from other organizations" file="tests\Feature\Feature\Admin\PollManagementTest.php::organization admin cannot update polls from other organizations" class="Tests\Feature\Feature\Admin\PollManagementTest" classname="Tests.Feature.Feature.Admin.PollManagementTest" assertions="1" time="0.016883"/>
        <testcase name="organization admin can delete polls in their organization" file="tests\Feature\Feature\Admin\PollManagementTest.php::organization admin can delete polls in their organization" class="Tests\Feature\Feature\Admin\PollManagementTest" classname="Tests.Feature.Feature.Admin.PollManagementTest" assertions="2" time="0.016358"/>
        <testcase name="organization admin cannot delete polls from other organizations" file="tests\Feature\Feature\Admin\PollManagementTest.php::organization admin cannot delete polls from other organizations" class="Tests\Feature\Feature\Admin\PollManagementTest" classname="Tests.Feature.Feature.Admin.PollManagementTest" assertions="2" time="0.017178"/>
        <testcase name="organization admin can view poll results for their organization" file="tests\Feature\Feature\Admin\PollManagementTest.php::organization admin can view poll results for their organization" class="Tests\Feature\Feature\Admin\PollManagementTest" classname="Tests.Feature.Feature.Admin.PollManagementTest" assertions="13" time="0.020322"/>
        <testcase name="organization admin can list all polls in their organization" file="tests\Feature\Feature\Admin\PollManagementTest.php::organization admin can list all polls in their organization" class="Tests\Feature\Feature\Admin\PollManagementTest" classname="Tests.Feature.Feature.Admin.PollManagementTest" assertions="12" time="0.022672"/>
        <testcase name="regular user cannot access organization admin poll routes" file="tests\Feature\Feature\Admin\PollManagementTest.php::regular user cannot access organization admin poll routes" class="Tests\Feature\Feature\Admin\PollManagementTest" classname="Tests.Feature.Feature.Admin.PollManagementTest" assertions="1" time="0.016704"/>
      </testsuite>
      <testsuite name="Tests\Feature\Feature\PollAccessControlTest" file="tests\Feature\Feature\PollAccessControlTest.php" tests="6" assertions="89" errors="0" failures="0" skipped="0" time="0.124427">
        <testcase name="system polls are visible to super admins without organization" file="tests\Feature\Feature\PollAccessControlTest.php::system polls are visible to super admins without organization" class="Tests\Feature\Feature\PollAccessControlTest" classname="Tests.Feature.Feature.PollAccessControlTest" assertions="14" time="0.022609"/>
        <testcase name="system polls are not visible to organization members" file="tests\Feature\Feature\PollAccessControlTest.php::system polls are not visible to organization members" class="Tests\Feature\Feature\PollAccessControlTest" classname="Tests.Feature.Feature.PollAccessControlTest" assertions="12" time="0.019090"/>
        <testcase name="organization polls are visible only to members of that organization" file="tests\Feature\Feature\PollAccessControlTest.php::organization polls are visible only to members of that organization" class="Tests\Feature\Feature\PollAccessControlTest" classname="Tests.Feature.Feature.PollAccessControlTest" assertions="26" time="0.024313"/>
        <testcase name="organization admin can see organization polls" file="tests\Feature\Feature\PollAccessControlTest.php::organization admin can see organization polls" class="Tests\Feature\Feature\PollAccessControlTest" classname="Tests.Feature.Feature.PollAccessControlTest" assertions="13" time="0.021103"/>
        <testcase name="super admins without organization do not see organization polls" file="tests\Feature\Feature\PollAccessControlTest.php::super admins without organization do not see organization polls" class="Tests\Feature\Feature\PollAccessControlTest" classname="Tests.Feature.Feature.PollAccessControlTest" assertions="11" time="0.017555"/>
        <testcase name="inactive polls are not visible in public poll list" file="tests\Feature\Feature\PollAccessControlTest.php::inactive polls are not visible in public poll list" class="Tests\Feature\Feature\PollAccessControlTest" classname="Tests.Feature.Feature.PollAccessControlTest" assertions="13" time="0.019758"/>
      </testsuite>
      <testsuite name="Tests\Feature\Feature\PollVotingAccessControlTest" file="tests\Feature\Feature\PollVotingAccessControlTest.php" tests="8" assertions="36" errors="0" failures="0" skipped="0" time="0.149249">
        <testcase name="super admin cannot vote on organization polls" file="tests\Feature\Feature\PollVotingAccessControlTest.php::super admin cannot vote on organization polls" class="Tests\Feature\Feature\PollVotingAccessControlTest" classname="Tests.Feature.Feature.PollVotingAccessControlTest" assertions="5" time="0.021023"/>
        <testcase name="super admin can vote on system polls" file="tests\Feature\Feature\PollVotingAccessControlTest.php::super admin can vote on system polls" class="Tests\Feature\Feature\PollVotingAccessControlTest" classname="Tests.Feature.Feature.PollVotingAccessControlTest" assertions="4" time="0.017264"/>
        <testcase name="organization users can vote on their own organization polls" file="tests\Feature\Feature\PollVotingAccessControlTest.php::organization users can vote on their own organization polls" class="Tests\Feature\Feature\PollVotingAccessControlTest" classname="Tests.Feature.Feature.PollVotingAccessControlTest" assertions="4" time="0.018962"/>
        <testcase name="organization users cannot vote on other organizations polls" file="tests\Feature\Feature\PollVotingAccessControlTest.php::organization users cannot vote on other organizations polls" class="Tests\Feature\Feature\PollVotingAccessControlTest" classname="Tests.Feature.Feature.PollVotingAccessControlTest" assertions="5" time="0.017739"/>
        <testcase name="organization users cannot vote on system polls" file="tests\Feature\Feature\PollVotingAccessControlTest.php::organization users cannot vote on system polls" class="Tests\Feature\Feature\PollVotingAccessControlTest" classname="Tests.Feature.Feature.PollVotingAccessControlTest" assertions="5" time="0.017532"/>
        <testcase name="users without organization can vote on system polls" file="tests\Feature\Feature\PollVotingAccessControlTest.php::users without organization can vote on system polls" class="Tests\Feature\Feature\PollVotingAccessControlTest" classname="Tests.Feature.Feature.PollVotingAccessControlTest" assertions="4" time="0.017964"/>
        <testcase name="organization admin can vote on their organization polls" file="tests\Feature\Feature\PollVotingAccessControlTest.php::organization admin can vote on their organization polls" class="Tests\Feature\Feature\PollVotingAccessControlTest" classname="Tests.Feature.Feature.PollVotingAccessControlTest" assertions="4" time="0.018794"/>
        <testcase name="organization admin cannot vote on system polls" file="tests\Feature\Feature\PollVotingAccessControlTest.php::organization admin cannot vote on system polls" class="Tests\Feature\Feature\PollVotingAccessControlTest" classname="Tests.Feature.Feature.PollVotingAccessControlTest" assertions="5" time="0.019971"/>
      </testsuite>
      <testsuite name="Tests\Feature\RoleBasedAccessControlTest" file="Role Based Access Control (Tests\Feature\RoleBasedAccessControl)" tests="16" assertions="59" errors="0" failures="0" skipped="0" time="0.252278">
        <testcase name="Super admin can access super admin routes" file="Role Based Access Control (Tests\Feature\RoleBasedAccessControl)::Super admin can access super admin routes" class="Tests\Feature\RoleBasedAccessControlTest" classname="Tests.Feature.RoleBasedAccessControlTest" assertions="1" time="0.020477"/>
        <testcase name="Admin cannot access super admin routes" file="Role Based Access Control (Tests\Feature\RoleBasedAccessControl)::Admin cannot access super admin routes" class="Tests\Feature\RoleBasedAccessControlTest" classname="Tests.Feature.RoleBasedAccessControlTest" assertions="1" time="0.016511"/>
        <testcase name="User cannot access super admin routes" file="Role Based Access Control (Tests\Feature\RoleBasedAccessControl)::User cannot access super admin routes" class="Tests\Feature\RoleBasedAccessControlTest" classname="Tests.Feature.RoleBasedAccessControlTest" assertions="1" time="0.016598"/>
        <testcase name="Admin can access admin routes" file="Role Based Access Control (Tests\Feature\RoleBasedAccessControl)::Admin can access admin routes" class="Tests\Feature\RoleBasedAccessControlTest" classname="Tests.Feature.RoleBasedAccessControlTest" assertions="1" time="0.016669"/>
        <testcase name="Super admin can access admin routes" file="Role Based Access Control (Tests\Feature\RoleBasedAccessControl)::Super admin can access admin routes" class="Tests\Feature\RoleBasedAccessControlTest" classname="Tests.Feature.RoleBasedAccessControlTest" assertions="1" time="0.016476"/>
        <testcase name="User cannot access admin routes" file="Role Based Access Control (Tests\Feature\RoleBasedAccessControl)::User cannot access admin routes" class="Tests\Feature\RoleBasedAccessControlTest" classname="Tests.Feature.RoleBasedAccessControlTest" assertions="1" time="0.015831"/>
        <testcase name="User role check methods" file="Role Based Access Control (Tests\Feature\RoleBasedAccessControl)::User role check methods" class="Tests\Feature\RoleBasedAccessControlTest" classname="Tests.Feature.RoleBasedAccessControlTest" assertions="12" time="0.013073"/>
        <testcase name="Has any role method" file="Role Based Access Control (Tests\Feature\RoleBasedAccessControl)::Has any role method" class="Tests\Feature\RoleBasedAccessControlTest" classname="Tests.Feature.RoleBasedAccessControlTest" assertions="4" time="0.013254"/>
        <testcase name="Has privilege of method" file="Role Based Access Control (Tests\Feature\RoleBasedAccessControl)::Has privilege of method" class="Tests\Feature\RoleBasedAccessControlTest" classname="Tests.Feature.RoleBasedAccessControlTest" assertions="9" time="0.013971"/>
        <testcase name="Users created with default role" file="Role Based Access Control (Tests\Feature\RoleBasedAccessControl)::Users created with default role" class="Tests\Feature\RoleBasedAccessControlTest" classname="Tests.Feature.RoleBasedAccessControlTest" assertions="2" time="0.012906"/>
        <testcase name="Role enum methods" file="Role Based Access Control (Tests\Feature\RoleBasedAccessControl)::Role enum methods" class="Tests\Feature\RoleBasedAccessControlTest" classname="Tests.Feature.RoleBasedAccessControlTest" assertions="11" time="0.013223"/>
        <testcase name="Unauthenticated users cannot access protected routes" file="Role Based Access Control (Tests\Feature\RoleBasedAccessControl)::Unauthenticated users cannot access protected routes" class="Tests\Feature\RoleBasedAccessControlTest" classname="Tests.Feature.RoleBasedAccessControlTest" assertions="4" time="0.015069"/>
        <testcase name="All admin routes are protected" file="Role Based Access Control (Tests\Feature\RoleBasedAccessControl)::All admin routes are protected" class="Tests\Feature\RoleBasedAccessControlTest" classname="Tests.Feature.RoleBasedAccessControlTest" assertions="3" time="0.022520"/>
        <testcase name="All super admin routes are protected" file="Role Based Access Control (Tests\Feature\RoleBasedAccessControl)::All super admin routes are protected" class="Tests\Feature\RoleBasedAccessControlTest" classname="Tests.Feature.RoleBasedAccessControlTest" assertions="3" time="0.019176"/>
        <testcase name="Role is cast to enum" file="Role Based Access Control (Tests\Feature\RoleBasedAccessControl)::Role is cast to enum" class="Tests\Feature\RoleBasedAccessControlTest" classname="Tests.Feature.RoleBasedAccessControlTest" assertions="2" time="0.012794"/>
        <testcase name="Users can be queried by role" file="Role Based Access Control (Tests\Feature\RoleBasedAccessControl)::Users can be queried by role" class="Tests\Feature\RoleBasedAccessControlTest" classname="Tests.Feature.RoleBasedAccessControlTest" assertions="3" time="0.013730"/>
      </testsuite>
      <testsuite name="Tests\Feature\SendUserInvitationJobTest" file="tests\Feature\SendUserInvitationJobTest.php" tests="3" assertions="6" errors="0" failures="0" skipped="0" time="0.051547">
        <testcase name="it sends email to the correct recipient" file="tests\Feature\SendUserInvitationJobTest.php::it sends email to the correct recipient" class="Tests\Feature\SendUserInvitationJobTest" classname="Tests.Feature.SendUserInvitationJobTest" assertions="1" time="0.024014"/>
        <testcase name="it sends emails to multiple different recipients correctly" file="tests\Feature\SendUserInvitationJobTest.php::it sends emails to multiple different recipients correctly" class="Tests\Feature\SendUserInvitationJobTest" classname="Tests.Feature.SendUserInvitationJobTest" assertions="4" time="0.014807"/>
        <testcase name="it does not send email if invitation not found" file="tests\Feature\SendUserInvitationJobTest.php::it does not send email if invitation not found" class="Tests\Feature\SendUserInvitationJobTest" classname="Tests.Feature.SendUserInvitationJobTest" assertions="1" time="0.012726"/>
      </testsuite>
      <testsuite name="Tests\Feature\Settings\PasswordUpdateTest" file="Password Update (Tests\Feature\Settings\PasswordUpdate)" tests="3" assertions="9" errors="0" failures="0" skipped="0" time="0.051773">
        <testcase name="Password update page is displayed" file="Password Update (Tests\Feature\Settings\PasswordUpdate)::Password update page is displayed" class="Tests\Feature\Settings\PasswordUpdateTest" classname="Tests.Feature.Settings.PasswordUpdateTest" assertions="1" time="0.017838"/>
        <testcase name="Password can be updated" file="Password Update (Tests\Feature\Settings\PasswordUpdate)::Password can be updated" class="Tests\Feature\Settings\PasswordUpdateTest" classname="Tests.Feature.Settings.PasswordUpdateTest" assertions="4" time="0.017765"/>
        <testcase name="Correct password must be provided to update password" file="Password Update (Tests\Feature\Settings\PasswordUpdate)::Correct password must be provided to update password" class="Tests\Feature\Settings\PasswordUpdateTest" classname="Tests.Feature.Settings.PasswordUpdateTest" assertions="4" time="0.016171"/>
      </testsuite>
      <testsuite name="Tests\Feature\Settings\ProfileUpdateTest" file="Profile Update (Tests\Feature\Settings\ProfileUpdate)" tests="5" assertions="21" errors="0" failures="0" skipped="0" time="0.083220">
        <testcase name="Profile page is displayed" file="Profile Update (Tests\Feature\Settings\ProfileUpdate)::Profile page is displayed" class="Tests\Feature\Settings\ProfileUpdateTest" classname="Tests.Feature.Settings.ProfileUpdateTest" assertions="1" time="0.017421"/>
        <testcase name="Profile information can be updated" file="Profile Update (Tests\Feature\Settings\ProfileUpdate)::Profile information can be updated" class="Tests\Feature\Settings\ProfileUpdateTest" classname="Tests.Feature.Settings.ProfileUpdateTest" assertions="6" time="0.015531"/>
        <testcase name="Email verification status is unchanged when the email address is unchanged" file="Profile Update (Tests\Feature\Settings\ProfileUpdate)::Email verification status is unchanged when the email address is unchanged" class="Tests\Feature\Settings\ProfileUpdateTest" classname="Tests.Feature.Settings.ProfileUpdateTest" assertions="4" time="0.017932"/>
        <testcase name="User can delete their account" file="Profile Update (Tests\Feature\Settings\ProfileUpdate)::User can delete their account" class="Tests\Feature\Settings\ProfileUpdateTest" classname="Tests.Feature.Settings.ProfileUpdateTest" assertions="5" time="0.015942"/>
        <testcase name="Correct password must be provided to delete account" file="Profile Update (Tests\Feature\Settings\ProfileUpdate)::Correct password must be provided to delete account" class="Tests\Feature\Settings\ProfileUpdateTest" classname="Tests.Feature.Settings.ProfileUpdateTest" assertions="5" time="0.016396"/>
      </testsuite>
      <testsuite name="Tests\Feature\Settings\TwoFactorAuthenticationTest" file="Two Factor Authentication (Tests\Feature\Settings\TwoFactorAuthentication)" tests="4" assertions="24" errors="0" failures="0" skipped="0" time="0.066352">
        <testcase name="Two factor settings page can be rendered" file="Two Factor Authentication (Tests\Feature\Settings\TwoFactorAuthentication)::Two factor settings page can be rendered" class="Tests\Feature\Settings\TwoFactorAuthenticationTest" classname="Tests.Feature.Settings.TwoFactorAuthenticationTest" assertions="11" time="0.019153"/>
        <testcase name="Two factor settings page requires password confirmation when enabled" file="Two Factor Authentication (Tests\Feature\Settings\TwoFactorAuthentication)::Two factor settings page requires password confirmation when enabled" class="Tests\Feature\Settings\TwoFactorAuthenticationTest" classname="Tests.Feature.Settings.TwoFactorAuthenticationTest" assertions="2" time="0.014908"/>
        <testcase name="Two factor settings page does not requires password confirmation when disabled" file="Two Factor Authentication (Tests\Feature\Settings\TwoFactorAuthentication)::Two factor settings page does not requires password confirmation when disabled" class="Tests\Feature\Settings\TwoFactorAuthenticationTest" classname="Tests.Feature.Settings.TwoFactorAuthenticationTest" assertions="10" time="0.016489"/>
        <testcase name="Two factor settings page returns forbidden response when two factor is disabled" file="Two Factor Authentication (Tests\Feature\Settings\TwoFactorAuthentication)::Two factor settings page returns forbidden response when two factor is disabled" class="Tests\Feature\Settings\TwoFactorAuthenticationTest" classname="Tests.Feature.Settings.TwoFactorAuthenticationTest" assertions="1" time="0.015803"/>
      </testsuite>
    </testsuite>
  </testsuite>
</testsuites>
